Arguments: 
  /usr/local/bin/node /usr/local/bin/yarn

PATH: 
  /Users/wangqi/Documents/flutter/bin:/usr/local/bin:/usr/bin:/bin:/usr/sbin:/sbin:/Users/wangqi/Documents/flutter/bin:/Users/wangqi/Library/Android/sdk/tools:/Users/wangqi/Library/Android/sdk/tools/bin:/Users/wangqi/Library/Android/sdk/platform-tools:/Users/wangqi/Library/Android/sdk/emulator:/Users/wangqi/.gradle/wrapper/dists/gradle-5.4.1-all/3221gyojl5jsh0helicew7rwx/gradle-5.4.1/bin:/usr/local/mysql/bin:/usr/local/mysql/support-files:/Library/Java/JavaVirtualMachines/jdk1.8.0_231.jdk/Contents/Home/bin:/Users/wangqi/Library/Android/sdk/tools:/Users/wangqi/Library/Android/sdk/tools/bin:/Users/wangqi/Library/Android/sdk/platform-tools:/Users/wangqi/Library/Android/sdk/emulator:/Users/wangqi/.gradle/wrapper/dists/gradle-5.4.1-all/3221gyojl5jsh0helicew7rwx/gradle-5.4.1/bin:/usr/local/mysql/bin:/usr/local/mysql/support-files:/Library/Java/JavaVirtualMachines/jdk1.8.0_231.jdk/Contents/Home/bin

Yarn version: 
  1.22.5

Node version: 
  14.15.0

Platform: 
  darwin x64

Trace: 
  SyntaxError: /Users/wangqi/work/WebstormProjects/npm_private/package.json: Unexpected token } in JSON at position 213
      at JSON.parse (<anonymous>)
      at /usr/local/lib/node_modules/yarn/lib/cli.js:1625:59
      at Generator.next (<anonymous>)
      at step (/usr/local/lib/node_modules/yarn/lib/cli.js:310:30)
      at /usr/local/lib/node_modules/yarn/lib/cli.js:321:13

npm manifest: 
  {
    "name": "npm_private",
    "version": "1.0.0",
    "description": "",
    "main": "./dist/index.js",
    "scripts": {
      "test": "echo \"Error: no test specified\" && exit 1"
    },
    "author": "",
    "license": "ISC",
  }

yarn manifest: 
  No manifest

Lockfile: 
  # THIS IS AN AUTOGENERATED FILE. DO NOT EDIT THIS FILE DIRECTLY.
  # yarn lockfile v1
  
  
  "@aistarfish/mobilecomponent@0.0.3":
    version "0.0.3"
    resolved "https://packages.aliyun.com/618a11ad041d450d2c253ba4/npm/npm-registry/@aistarfish/mobilecomponent/-/@aistarfish/mobilecomponent-0.0.3.tgz#5d1e8ece9702fbe62fe581bce08802ca9e5324ae"
    integrity sha512-8ecAUSj6QTGk+v2nW/9ryFAuLF3KKx+dfbElLsv3WcqG5vtAugABVPgBRe/GbT6lT8VvUZKeBgyH++7D3MWNnQ==
